<?xml version="1.0" encoding="UTF-8"?>
<!-- Generated by org.testng.reporters.JUnitXMLReporter -->
<testsuite ignored="0" hostname="LAPTOP-2EUUN60H" failures="1" tests="3" name="Test" time="18.341" errors="0" timestamp="2023-12-17T11:11:54 IST">
  <testcase classname="StandaloneTest.OrderTest" name="PlaceOrderTest" time="4.717"/>
  <testcase classname="StandaloneTest.ErrorValidationTest" name="ProductValidation" time="3.385">
    <failure type="java.lang.AssertionError" message="expected [Zara Coat] but found [ZARA COAT 3]">
      <![CDATA[java.lang.AssertionError: expected [Zara Coat] but found [ZARA COAT 3]
at StandaloneTest.ErrorValidationTest.ProductValidation(ErrorValidationTest.java:31)
at java.base/java.util.ArrayList.forEach(ArrayList.java:1511)
... Removed 31 stack frames]]>
    </failure>
  </testcase> <!-- ProductValidation -->
  <testcase classname="StandaloneTest.ErrorValidationTest" name="loginValidation" time="0.625"/>
</testsuite> <!-- Test -->
