<?xml version="1.0" encoding="UTF-8"?>
<!-- Generated by org.testng.reporters.JUnitXMLReporter -->
<testsuite ignored="1" hostname="LAPTOP-2EUUN60H" failures="1" tests="1" name="ErrorValidation(failed)" time="5.321" errors="0" timestamp="2023-12-23T10:59:28 IST">
  <testcase classname="StandaloneTest.ErrorValidationTest" name="ProductValidation" time="3.599">
    <failure type="java.lang.AssertionError" message="expected [Zara Coat] but found [I PHONE1]">
      <![CDATA[java.lang.AssertionError: expected [Zara Coat] but found [I PHONE1]
at StandaloneTest.ErrorValidationTest.ProductValidation(ErrorValidationTest.java:31)
at java.base/java.util.ArrayList.forEach(ArrayList.java:1511)
... Removed 31 stack frames]]>
    </failure>
  </testcase> <!-- ProductValidation -->
  <testcase classname="StandaloneTest.ErrorValidationTest" name="loginValidation" time="0.0">
    <ignored/>
  </testcase> <!-- loginValidation -->
</testsuite> <!-- ErrorValidation(failed) -->
